Started GET "/" for ::1 at 2022-04-04 14:32:58 +0100
  [1m[35m (1.5ms)[0m  [1m[34mSELECT "schema_migrations"."version" FROM "schema_migrations" ORDER BY "schema_migrations"."version" ASC[0m
Processing by BlogsController#index as HTML
  Rendering blogs/index.html.erb within layouts/application
  [1m[36mUser Load (0.9ms)[0m  [1m[34mSELECT "users".* FROM "users" WHERE "users"."id" IS NULL LIMIT $1[0m  [["LIMIT", 1]]
  ↳ app/helpers/sessions_helper.rb:3:in `current_user'
  [1m[36mBlog Load (1.3ms)[0m  [1m[34mSELECT "blogs".* FROM "blogs"[0m
  ↳ app/views/blogs/index.html.erb:90
  [1m[36mUser Load (0.3ms)[0m  [1m[34mSELECT "users".* FROM "users" WHERE "users"."id" = $1 LIMIT $2[0m  [["id", 1], ["LIMIT", 1]]
  ↳ app/views/blogs/index.html.erb:96
  [1m[36mUser Load (0.3ms)[0m  [1m[34mSELECT "users".* FROM "users" WHERE "users"."id" = $1 LIMIT $2[0m  [["id", 4], ["LIMIT", 1]]
  ↳ app/views/blogs/index.html.erb:96
  [1m[36mCACHE User Load (0.0ms)[0m  [1m[34mSELECT "users".* FROM "users" WHERE "users"."id" = $1 LIMIT $2[0m  [["id", 4], ["LIMIT", 1]]
  ↳ app/views/blogs/index.html.erb:96
  [1m[36mCACHE User Load (0.0ms)[0m  [1m[34mSELECT "users".* FROM "users" WHERE "users"."id" = $1 LIMIT $2[0m  [["id", 1], ["LIMIT", 1]]
  ↳ app/views/blogs/index.html.erb:96
  [1m[36mCACHE User Load (0.0ms)[0m  [1m[34mSELECT "users".* FROM "users" WHERE "users"."id" = $1 LIMIT $2[0m  [["id", 4], ["LIMIT", 1]]
  ↳ app/views/blogs/index.html.erb:96
  [1m[36mCACHE User Load (0.0ms)[0m  [1m[34mSELECT "users".* FROM "users" WHERE "users"."id" = $1 LIMIT $2[0m  [["id", 4], ["LIMIT", 1]]
  ↳ app/views/blogs/index.html.erb:96
  [1m[36mCACHE User Load (0.0ms)[0m  [1m[34mSELECT "users".* FROM "users" WHERE "users"."id" = $1 LIMIT $2[0m  [["id", 4], ["LIMIT", 1]]
  ↳ app/views/blogs/index.html.erb:96
  Rendered blogs/index.html.erb within layouts/application (Duration: 161.4ms | Allocations: 59663)
[Webpacker] Compiling...
[Webpacker] Compilation failed:
yarn run v1.22.17
info Visit https://yarnpkg.com/en/docs/cli/run for documentation about this command.


warning ../../package.json: No license field
warning ../../package.json: No license field
error Command "webpack" not found.

Completed 500 Internal Server Error in 1231ms (ActiveRecord: 10.3ms | Allocations: 77412)


  
ActionView::Template::Error (Webpacker can't find application.js in /home/emmafils/workspace/ProjetFacebook/public/packs/manifest.json. Possible causes:
1. You want to set webpacker.yml value of compile to true for your environment
   unless you are using the `webpack -w` or the webpack-dev-server.
2. webpack has not yet re-run to reflect updates.
3. You have misconfigured Webpacker's config/webpacker.yml file.
4. Your webpack configuration is not creating a manifest.
Your manifest contains:
{
}
):
     6:     <%= csp_meta_tag %>
     7: 
     8:     <%= stylesheet_link_tag 'application', media: 'all', 'data-turbolinks-track': 'reload' %>
     9:     <%= javascript_pack_tag 'application', 'data-turbolinks-track': 'reload' %>
    10:   </head>
    11: 
    12:   <body>
  
app/views/layouts/application.html.erb:9
  [1m[35m (0.2ms)[0m  [1m[34mSELECT pg_try_advisory_lock(871550709616861680)[0m
  [1m[35m (0.7ms)[0m  [1m[34mSELECT "schema_migrations"."version" FROM "schema_migrations" ORDER BY "schema_migrations"."version" ASC[0m
  [1m[36mActiveRecord::InternalMetadata Load (0.8ms)[0m  [1m[34mSELECT "ar_internal_metadata".* FROM "ar_internal_metadata" WHERE "ar_internal_metadata"."key" = $1 LIMIT $2[0m  [["key", "environment"], ["LIMIT", 1]]
  [1m[35m (0.2ms)[0m  [1m[34mSELECT pg_advisory_unlock(871550709616861680)[0m
  [1m[35m (0.4ms)[0m  [1m[34mSELECT "schema_migrations"."version" FROM "schema_migrations" ORDER BY "schema_migrations"."version" ASC[0m
  [1m[35m (1.1ms)[0m  [1m[35mCREATE DATABASE "ProjetFacebook_development" ENCODING = 'unicode'[0m
  [1m[35m (0.5ms)[0m  [1m[35mCREATE DATABASE "ProjetFacebook_test" ENCODING = 'unicode'[0m
  [1m[35m (0.2ms)[0m  [1m[34mSELECT pg_try_advisory_lock(871550709616861680)[0m
  [1m[35m (0.5ms)[0m  [1m[34mSELECT "schema_migrations"."version" FROM "schema_migrations" ORDER BY "schema_migrations"."version" ASC[0m
  [1m[36mActiveRecord::InternalMetadata Load (0.3ms)[0m  [1m[34mSELECT "ar_internal_metadata".* FROM "ar_internal_metadata" WHERE "ar_internal_metadata"."key" = $1 LIMIT $2[0m  [["key", "environment"], ["LIMIT", 1]]
  [1m[35m (0.3ms)[0m  [1m[34mSELECT pg_advisory_unlock(871550709616861680)[0m
  [1m[35m (0.7ms)[0m  [1m[34mSELECT "schema_migrations"."version" FROM "schema_migrations" ORDER BY "schema_migrations"."version" ASC[0m
Started GET "/" for ::1 at 2022-04-04 14:34:56 +0100
  [1m[35m (0.9ms)[0m  [1m[34mSELECT "schema_migrations"."version" FROM "schema_migrations" ORDER BY "schema_migrations"."version" ASC[0m
Processing by BlogsController#index as HTML
  Rendering blogs/index.html.erb within layouts/application
  [1m[36mUser Load (0.3ms)[0m  [1m[34mSELECT "users".* FROM "users" WHERE "users"."id" IS NULL LIMIT $1[0m  [["LIMIT", 1]]
  ↳ app/helpers/sessions_helper.rb:3:in `current_user'
  [1m[36mBlog Load (0.4ms)[0m  [1m[34mSELECT "blogs".* FROM "blogs"[0m
  ↳ app/views/blogs/index.html.erb:90
  [1m[36mUser Load (0.5ms)[0m  [1m[34mSELECT "users".* FROM "users" WHERE "users"."id" = $1 LIMIT $2[0m  [["id", 1], ["LIMIT", 1]]
  ↳ app/views/blogs/index.html.erb:96
  [1m[36mUser Load (0.3ms)[0m  [1m[34mSELECT "users".* FROM "users" WHERE "users"."id" = $1 LIMIT $2[0m  [["id", 4], ["LIMIT", 1]]
  ↳ app/views/blogs/index.html.erb:96
  [1m[36mCACHE User Load (0.0ms)[0m  [1m[34mSELECT "users".* FROM "users" WHERE "users"."id" = $1 LIMIT $2[0m  [["id", 4], ["LIMIT", 1]]
  ↳ app/views/blogs/index.html.erb:96
  [1m[36mCACHE User Load (0.0ms)[0m  [1m[34mSELECT "users".* FROM "users" WHERE "users"."id" = $1 LIMIT $2[0m  [["id", 1], ["LIMIT", 1]]
  ↳ app/views/blogs/index.html.erb:96
  [1m[36mCACHE User Load (0.0ms)[0m  [1m[34mSELECT "users".* FROM "users" WHERE "users"."id" = $1 LIMIT $2[0m  [["id", 4], ["LIMIT", 1]]
  ↳ app/views/blogs/index.html.erb:96
  [1m[36mCACHE User Load (0.0ms)[0m  [1m[34mSELECT "users".* FROM "users" WHERE "users"."id" = $1 LIMIT $2[0m  [["id", 4], ["LIMIT", 1]]
  ↳ app/views/blogs/index.html.erb:96
  [1m[36mCACHE User Load (0.0ms)[0m  [1m[34mSELECT "users".* FROM "users" WHERE "users"."id" = $1 LIMIT $2[0m  [["id", 4], ["LIMIT", 1]]
  ↳ app/views/blogs/index.html.erb:96
  Rendered blogs/index.html.erb within layouts/application (Duration: 69.2ms | Allocations: 37626)
[Webpacker] Compiling...
[Webpacker] Compilation failed:
yarn run v1.22.17
info Visit https://yarnpkg.com/en/docs/cli/run for documentation about this command.


warning ../../package.json: No license field
warning ../../package.json: No license field
error Command "webpack" not found.

Completed 500 Internal Server Error in 1018ms (ActiveRecord: 8.7ms | Allocations: 49169)


  
ActionView::Template::Error (Webpacker can't find application.js in /home/emmafils/workspace/ProjetFacebook/public/packs/manifest.json. Possible causes:
1. You want to set webpacker.yml value of compile to true for your environment
   unless you are using the `webpack -w` or the webpack-dev-server.
2. webpack has not yet re-run to reflect updates.
3. You have misconfigured Webpacker's config/webpacker.yml file.
4. Your webpack configuration is not creating a manifest.
Your manifest contains:
{
}
):
     6:     <%= csp_meta_tag %>
     7: 
     8:     <%= stylesheet_link_tag 'application', media: 'all', 'data-turbolinks-track': 'reload' %>
     9:     <%= javascript_pack_tag 'application', 'data-turbolinks-track': 'reload' %>
    10:   </head>
    11: 
    12:   <body>
  
app/views/layouts/application.html.erb:9
Started GET "/" for ::1 at 2022-04-04 14:35:00 +0100
Processing by BlogsController#index as HTML
  Rendering blogs/index.html.erb within layouts/application
  [1m[36mUser Load (0.3ms)[0m  [1m[34mSELECT "users".* FROM "users" WHERE "users"."id" IS NULL LIMIT $1[0m  [["LIMIT", 1]]
  ↳ app/helpers/sessions_helper.rb:3:in `current_user'
  [1m[36mBlog Load (0.4ms)[0m  [1m[34mSELECT "blogs".* FROM "blogs"[0m
  ↳ app/views/blogs/index.html.erb:90
  [1m[36mUser Load (0.3ms)[0m  [1m[34mSELECT "users".* FROM "users" WHERE "users"."id" = $1 LIMIT $2[0m  [["id", 1], ["LIMIT", 1]]
  ↳ app/views/blogs/index.html.erb:96
  [1m[36mUser Load (0.2ms)[0m  [1m[34mSELECT "users".* FROM "users" WHERE "users"."id" = $1 LIMIT $2[0m  [["id", 4], ["LIMIT", 1]]
  ↳ app/views/blogs/index.html.erb:96
  [1m[36mCACHE User Load (0.0ms)[0m  [1m[34mSELECT "users".* FROM "users" WHERE "users"."id" = $1 LIMIT $2[0m  [["id", 4], ["LIMIT", 1]]
  ↳ app/views/blogs/index.html.erb:96
  [1m[36mCACHE User Load (0.0ms)[0m  [1m[34mSELECT "users".* FROM "users" WHERE "users"."id" = $1 LIMIT $2[0m  [["id", 1], ["LIMIT", 1]]
  ↳ app/views/blogs/index.html.erb:96
  [1m[36mCACHE User Load (0.0ms)[0m  [1m[34mSELECT "users".* FROM "users" WHERE "users"."id" = $1 LIMIT $2[0m  [["id", 4], ["LIMIT", 1]]
  ↳ app/views/blogs/index.html.erb:96
  [1m[36mCACHE User Load (0.0ms)[0m  [1m[34mSELECT "users".* FROM "users" WHERE "users"."id" = $1 LIMIT $2[0m  [["id", 4], ["LIMIT", 1]]
  ↳ app/views/blogs/index.html.erb:96
  [1m[36mCACHE User Load (0.0ms)[0m  [1m[34mSELECT "users".* FROM "users" WHERE "users"."id" = $1 LIMIT $2[0m  [["id", 4], ["LIMIT", 1]]
  ↳ app/views/blogs/index.html.erb:96
  Rendered blogs/index.html.erb within layouts/application (Duration: 42.2ms | Allocations: 17771)
[Webpacker] Compiling...
[Webpacker] Compilation failed:
yarn run v1.22.17
info Visit https://yarnpkg.com/en/docs/cli/run for documentation about this command.


warning ../../package.json: No license field
warning ../../package.json: No license field
error Command "webpack" not found.

Completed 500 Internal Server Error in 947ms (ActiveRecord: 1.3ms | Allocations: 22849)


  
ActionView::Template::Error (Webpacker can't find application.js in /home/emmafils/workspace/ProjetFacebook/public/packs/manifest.json. Possible causes:
1. You want to set webpacker.yml value of compile to true for your environment
   unless you are using the `webpack -w` or the webpack-dev-server.
2. webpack has not yet re-run to reflect updates.
3. You have misconfigured Webpacker's config/webpacker.yml file.
4. Your webpack configuration is not creating a manifest.
Your manifest contains:
{
}
):
     6:     <%= csp_meta_tag %>
     7: 
     8:     <%= stylesheet_link_tag 'application', media: 'all', 'data-turbolinks-track': 'reload' %>
     9:     <%= javascript_pack_tag 'application', 'data-turbolinks-track': 'reload' %>
    10:   </head>
    11: 
    12:   <body>
  
app/views/layouts/application.html.erb:9
Started GET "/" for ::1 at 2022-04-04 14:39:30 +0100
  [1m[35m (1.0ms)[0m  [1m[34mSELECT "schema_migrations"."version" FROM "schema_migrations" ORDER BY "schema_migrations"."version" ASC[0m
Processing by BlogsController#index as HTML
  Rendering blogs/index.html.erb within layouts/application
  [1m[36mUser Load (0.3ms)[0m  [1m[34mSELECT "users".* FROM "users" WHERE "users"."id" IS NULL LIMIT $1[0m  [["LIMIT", 1]]
  ↳ app/helpers/sessions_helper.rb:3:in `current_user'
  [1m[36mBlog Load (0.4ms)[0m  [1m[34mSELECT "blogs".* FROM "blogs"[0m
  ↳ app/views/blogs/index.html.erb:90
  [1m[36mUser Load (0.3ms)[0m  [1m[34mSELECT "users".* FROM "users" WHERE "users"."id" = $1 LIMIT $2[0m  [["id", 1], ["LIMIT", 1]]
  ↳ app/views/blogs/index.html.erb:96
  [1m[36mUser Load (0.3ms)[0m  [1m[34mSELECT "users".* FROM "users" WHERE "users"."id" = $1 LIMIT $2[0m  [["id", 4], ["LIMIT", 1]]
  ↳ app/views/blogs/index.html.erb:96
  [1m[36mCACHE User Load (0.0ms)[0m  [1m[34mSELECT "users".* FROM "users" WHERE "users"."id" = $1 LIMIT $2[0m  [["id", 4], ["LIMIT", 1]]
  ↳ app/views/blogs/index.html.erb:96
  [1m[36mCACHE User Load (0.0ms)[0m  [1m[34mSELECT "users".* FROM "users" WHERE "users"."id" = $1 LIMIT $2[0m  [["id", 1], ["LIMIT", 1]]
  ↳ app/views/blogs/index.html.erb:96
  [1m[36mCACHE User Load (0.0ms)[0m  [1m[34mSELECT "users".* FROM "users" WHERE "users"."id" = $1 LIMIT $2[0m  [["id", 4], ["LIMIT", 1]]
  ↳ app/views/blogs/index.html.erb:96
  [1m[36mCACHE User Load (0.0ms)[0m  [1m[34mSELECT "users".* FROM "users" WHERE "users"."id" = $1 LIMIT $2[0m  [["id", 4], ["LIMIT", 1]]
  ↳ app/views/blogs/index.html.erb:96
  [1m[36mCACHE User Load (0.0ms)[0m  [1m[34mSELECT "users".* FROM "users" WHERE "users"."id" = $1 LIMIT $2[0m  [["id", 4], ["LIMIT", 1]]
  ↳ app/views/blogs/index.html.erb:96
  Rendered blogs/index.html.erb within layouts/application (Duration: 72.4ms | Allocations: 37616)
[Webpacker] Compiling...
[Webpacker] Compiled all packs in /home/emmafils/workspace/ProjetFacebook/public/packs
[Webpacker] warning ../../package.json: No license field

[Webpacker] Hash: c608ca9d38812f430b28
Version: webpack 4.46.0
Time: 1675ms
Built at: 04/04/2022 14:39:33
                                     Asset       Size       Chunks                         Chunk Names
    js/application-e3ebbd226f2e39d828e4.js    124 KiB  application  [emitted] [immutable]  application
js/application-e3ebbd226f2e39d828e4.js.map    139 KiB  application  [emitted] [dev]        application
                             manifest.json  364 bytes               [emitted]              
Entrypoint application = js/application-e3ebbd226f2e39d828e4.js js/application-e3ebbd226f2e39d828e4.js.map
[./app/javascript/channels sync recursive _channel\.js$] ./app/javascript/channels sync _channel\.js$ 160 bytes {application} [built]
[./app/javascript/channels/index.js] 211 bytes {application} [built]
[./app/javascript/packs/application.js] 749 bytes {application} [built]
[./node_modules/webpack/buildin/module.js] (webpack)/buildin/module.js 552 bytes {application} [built]
    + 3 hidden modules

Completed 200 OK in 3301ms (Views: 3283.2ms | ActiveRecord: 7.8ms | Allocations: 48357)


Started GET "/uploads/blog/image/9/f_logo_RGB-Blue_114.png" for ::1 at 2022-04-04 14:39:33 +0100
  
ActionController::RoutingError (No route matches [GET] "/uploads/blog/image/9/f_logo_RGB-Blue_114.png"):
  
actionpack (6.0.4.7) lib/action_dispatch/middleware/debug_exceptions.rb:36:in `call'
web-console (4.2.0) lib/web_console/middleware.rb:132:in `call_app'
web-console (4.2.0) lib/web_console/middleware.rb:28:in `block in call'
web-console (4.2.0) lib/web_console/middleware.rb:17:in `catch'
web-console (4.2.0) lib/web_console/middleware.rb:17:in `call'
actionpack (6.0.4.7) lib/action_dispatch/middleware/show_exceptions.rb:33:in `call'
railties (6.0.4.7) lib/rails/rack/logger.rb:37:in `call_app'
railties (6.0.4.7) lib/rails/rack/logger.rb:26:in `block in call'
activesupport (6.0.4.7) lib/active_support/tagged_logging.rb:80:in `block in tagged'
activesupport (6.0.4.7) lib/active_support/tagged_logging.rb:28:in `tagged'
activesupport (6.0.4.7) lib/active_support/tagged_logging.rb:80:in `tagged'
railties (6.0.4.7) lib/rails/rack/logger.rb:26:in `call'
sprockets-rails (3.4.2) lib/sprockets/rails/quiet_assets.rb:13:in `call'
actionpack (6.0.4.7) lib/action_dispatch/middleware/remote_ip.rb:81:in `call'
actionpack (6.0.4.7) lib/action_dispatch/middleware/request_id.rb:27:in `call'
rack (2.2.3) lib/rack/method_override.rb:24:in `call'
rack (2.2.3) lib/rack/runtime.rb:22:in `call'
activesupport (6.0.4.7) lib/active_support/cache/strategy/local_cache_middleware.rb:29:in `call'
actionpack (6.0.4.7) lib/action_dispatch/middleware/executor.rb:14:in `call'
actionpack (6.0.4.7) lib/action_dispatch/middleware/static.rb:126:in `call'
rack (2.2.3) lib/rack/sendfile.rb:110:in `call'
actionpack (6.0.4.7) lib/action_dispatch/middleware/host_authorization.rb:103:in `call'
webpacker (5.4.3) lib/webpacker/dev_server_proxy.rb:25:in `perform_request'
rack-proxy (0.7.2) lib/rack/proxy.rb:67:in `call'
railties (6.0.4.7) lib/rails/engine.rb:527:in `call'
puma (4.3.12) lib/puma/configuration.rb:228:in `call'
puma (4.3.12) lib/puma/server.rb:727:in `handle_request'
puma (4.3.12) lib/puma/server.rb:476:in `process_client'
puma (4.3.12) lib/puma/server.rb:332:in `block in run'
puma (4.3.12) lib/puma/thread_pool.rb:134:in `block in spawn_thread'
Started DELETE "/blogs/9" for ::1 at 2022-04-04 14:39:48 +0100
Processing by BlogsController#destroy as HTML
  Parameters: {"authenticity_token"=>"Le4owlrcZsILMa+/QzaGOyfsEynMzXKC9OJWYx/CSrRNTm+7ckY2wXVQeGxAgdSLRX9o3pxmKwa+gS0rFTdWKw==", "id"=>"9"}
  [1m[36mBlog Load (0.3ms)[0m  [1m[34mSELECT "blogs".* FROM "blogs" WHERE "blogs"."id" = $1 LIMIT $2[0m  [["id", 9], ["LIMIT", 1]]
  ↳ app/controllers/blogs_controller.rb:54:in `set_blog'
  [1m[35m (0.2ms)[0m  [1m[35mBEGIN[0m
  ↳ app/controllers/blogs_controller.rb:41:in `destroy'
  [1m[36mBlog Destroy (0.3ms)[0m  [1m[31mDELETE FROM "blogs" WHERE "blogs"."id" = $1[0m  [["id", 9]]
  ↳ app/controllers/blogs_controller.rb:41:in `destroy'
  [1m[35m (2.4ms)[0m  [1m[35mCOMMIT[0m
  ↳ app/controllers/blogs_controller.rb:41:in `destroy'
Redirected to http://localhost:3000/blogs
Completed 302 Found in 9ms (ActiveRecord: 3.2ms | Allocations: 3767)


Started GET "/blogs" for ::1 at 2022-04-04 14:39:48 +0100
Processing by BlogsController#index as HTML
  Rendering blogs/index.html.erb within layouts/application
  [1m[36mUser Load (0.3ms)[0m  [1m[34mSELECT "users".* FROM "users" WHERE "users"."id" IS NULL LIMIT $1[0m  [["LIMIT", 1]]
  ↳ app/helpers/sessions_helper.rb:3:in `current_user'
  [1m[36mBlog Load (0.4ms)[0m  [1m[34mSELECT "blogs".* FROM "blogs"[0m
  ↳ app/views/blogs/index.html.erb:90
  [1m[36mUser Load (0.4ms)[0m  [1m[34mSELECT "users".* FROM "users" WHERE "users"."id" = $1 LIMIT $2[0m  [["id", 1], ["LIMIT", 1]]
  ↳ app/views/blogs/index.html.erb:96
  [1m[36mUser Load (0.4ms)[0m  [1m[34mSELECT "users".* FROM "users" WHERE "users"."id" = $1 LIMIT $2[0m  [["id", 4], ["LIMIT", 1]]
  ↳ app/views/blogs/index.html.erb:96
  [1m[36mCACHE User Load (0.0ms)[0m  [1m[34mSELECT "users".* FROM "users" WHERE "users"."id" = $1 LIMIT $2[0m  [["id", 4], ["LIMIT", 1]]
  ↳ app/views/blogs/index.html.erb:96
  [1m[36mCACHE User Load (0.0ms)[0m  [1m[34mSELECT "users".* FROM "users" WHERE "users"."id" = $1 LIMIT $2[0m  [["id", 1], ["LIMIT", 1]]
  ↳ app/views/blogs/index.html.erb:96
  [1m[36mCACHE User Load (0.0ms)[0m  [1m[34mSELECT "users".* FROM "users" WHERE "users"."id" = $1 LIMIT $2[0m  [["id", 4], ["LIMIT", 1]]
  ↳ app/views/blogs/index.html.erb:96
  [1m[36mCACHE User Load (0.0ms)[0m  [1m[34mSELECT "users".* FROM "users" WHERE "users"."id" = $1 LIMIT $2[0m  [["id", 4], ["LIMIT", 1]]
  ↳ app/views/blogs/index.html.erb:96
  Rendered blogs/index.html.erb within layouts/application (Duration: 26.1ms | Allocations: 16481)
[Webpacker] Everything's up-to-date. Nothing to do
Completed 200 OK in 33ms (Views: 30.6ms | ActiveRecord: 1.6ms | Allocations: 20018)


Started GET "/blogs" for ::1 at 2022-04-04 14:39:52 +0100
Processing by BlogsController#index as HTML
  Rendering blogs/index.html.erb within layouts/application
  [1m[36mUser Load (0.2ms)[0m  [1m[34mSELECT "users".* FROM "users" WHERE "users"."id" IS NULL LIMIT $1[0m  [["LIMIT", 1]]
  ↳ app/helpers/sessions_helper.rb:3:in `current_user'
  [1m[36mBlog Load (0.3ms)[0m  [1m[34mSELECT "blogs".* FROM "blogs"[0m
  ↳ app/views/blogs/index.html.erb:90
  [1m[36mUser Load (0.2ms)[0m  [1m[34mSELECT "users".* FROM "users" WHERE "users"."id" = $1 LIMIT $2[0m  [["id", 1], ["LIMIT", 1]]
  ↳ app/views/blogs/index.html.erb:96
  [1m[36mUser Load (0.2ms)[0m  [1m[34mSELECT "users".* FROM "users" WHERE "users"."id" = $1 LIMIT $2[0m  [["id", 4], ["LIMIT", 1]]
  ↳ app/views/blogs/index.html.erb:96
  [1m[36mCACHE User Load (0.0ms)[0m  [1m[34mSELECT "users".* FROM "users" WHERE "users"."id" = $1 LIMIT $2[0m  [["id", 4], ["LIMIT", 1]]
  ↳ app/views/blogs/index.html.erb:96
  [1m[36mCACHE User Load (0.0ms)[0m  [1m[34mSELECT "users".* FROM "users" WHERE "users"."id" = $1 LIMIT $2[0m  [["id", 1], ["LIMIT", 1]]
  ↳ app/views/blogs/index.html.erb:96
  [1m[36mCACHE User Load (0.0ms)[0m  [1m[34mSELECT "users".* FROM "users" WHERE "users"."id" = $1 LIMIT $2[0m  [["id", 4], ["LIMIT", 1]]
  ↳ app/views/blogs/index.html.erb:96
  [1m[36mCACHE User Load (0.0ms)[0m  [1m[34mSELECT "users".* FROM "users" WHERE "users"."id" = $1 LIMIT $2[0m  [["id", 4], ["LIMIT", 1]]
  ↳ app/views/blogs/index.html.erb:96
  Rendered blogs/index.html.erb within layouts/application (Duration: 28.8ms | Allocations: 16292)
[Webpacker] Everything's up-to-date. Nothing to do
Completed 200 OK in 34ms (Views: 32.0ms | ActiveRecord: 0.9ms | Allocations: 19729)


Started GET "/users/new" for ::1 at 2022-04-04 14:39:55 +0100
Processing by UsersController#new as HTML
  Rendering users/new.html.erb within layouts/application
  [1m[36mUser Load (0.3ms)[0m  [1m[34mSELECT "users".* FROM "users" WHERE "users"."id" IS NULL LIMIT $1[0m  [["LIMIT", 1]]
  ↳ app/helpers/sessions_helper.rb:3:in `current_user'
  Rendered users/new.html.erb within layouts/application (Duration: 9.0ms | Allocations: 4615)
[Webpacker] Everything's up-to-date. Nothing to do
Completed 200 OK in 17ms (Views: 14.7ms | ActiveRecord: 0.3ms | Allocations: 9231)


Started GET "/sessions/new" for ::1 at 2022-04-04 14:39:59 +0100
Processing by SessionsController#new as HTML
  Rendering sessions/new.html.erb within layouts/application
  [1m[36mUser Load (0.3ms)[0m  [1m[34mSELECT "users".* FROM "users" WHERE "users"."id" IS NULL LIMIT $1[0m  [["LIMIT", 1]]
  ↳ app/helpers/sessions_helper.rb:3:in `current_user'
  Rendered sessions/new.html.erb within layouts/application (Duration: 19.1ms | Allocations: 6252)
[Webpacker] Everything's up-to-date. Nothing to do
Completed 200 OK in 28ms (Views: 26.7ms | ActiveRecord: 0.3ms | Allocations: 10709)


Started POST "/sessions" for ::1 at 2022-04-04 14:40:00 +0100
Processing by SessionsController#create as HTML
  Parameters: {"authenticity_token"=>"LzFahufR9s72eV3VQ+eHRAxCxqGYRp7X5szZKPPG0WLjzdgMYPDw/GwbKI1p1AfFIH4S/+Z5Sx221PVIjShPuA==", "session"=>{"email"=>"imorougrr@gmail.com", "password"=>"[FILTERED]"}, "commit"=>"connexion"}
  [1m[36mUser Load (0.3ms)[0m  [1m[34mSELECT "users".* FROM "users" WHERE "users"."email" = $1 LIMIT $2[0m  [["email", "imorougrr@gmail.com"], ["LIMIT", 1]]
  ↳ app/controllers/sessions_controller.rb:6:in `create'
Redirected to http://localhost:3000/blogs
Completed 302 Found in 250ms (ActiveRecord: 0.3ms | Allocations: 1379)


Started GET "/blogs" for ::1 at 2022-04-04 14:40:01 +0100
Processing by BlogsController#index as HTML
  Rendering blogs/index.html.erb within layouts/application
  [1m[36mUser Load (0.2ms)[0m  [1m[34mSELECT "users".* FROM "users" WHERE "users"."id" = $1 LIMIT $2[0m  [["id", 4], ["LIMIT", 1]]
  ↳ app/helpers/sessions_helper.rb:3:in `current_user'
  [1m[36mBlog Load (0.3ms)[0m  [1m[34mSELECT "blogs".* FROM "blogs"[0m
  ↳ app/views/blogs/index.html.erb:90
  [1m[36mUser Load (0.2ms)[0m  [1m[34mSELECT "users".* FROM "users" WHERE "users"."id" = $1 LIMIT $2[0m  [["id", 1], ["LIMIT", 1]]
  ↳ app/views/blogs/index.html.erb:96
  [1m[36mCACHE User Load (0.0ms)[0m  [1m[34mSELECT "users".* FROM "users" WHERE "users"."id" = $1 LIMIT $2[0m  [["id", 4], ["LIMIT", 1]]
  ↳ app/views/blogs/index.html.erb:96
  [1m[36mCACHE User Load (0.0ms)[0m  [1m[34mSELECT "users".* FROM "users" WHERE "users"."id" = $1 LIMIT $2[0m  [["id", 4], ["LIMIT", 1]]
  ↳ app/views/blogs/index.html.erb:96
  [1m[36mCACHE User Load (0.0ms)[0m  [1m[34mSELECT "users".* FROM "users" WHERE "users"."id" = $1 LIMIT $2[0m  [["id", 1], ["LIMIT", 1]]
  ↳ app/views/blogs/index.html.erb:96
  [1m[36mCACHE User Load (0.0ms)[0m  [1m[34mSELECT "users".* FROM "users" WHERE "users"."id" = $1 LIMIT $2[0m  [["id", 4], ["LIMIT", 1]]
  ↳ app/views/blogs/index.html.erb:96
  [1m[36mCACHE User Load (0.0ms)[0m  [1m[34mSELECT "users".* FROM "users" WHERE "users"."id" = $1 LIMIT $2[0m  [["id", 4], ["LIMIT", 1]]
  ↳ app/views/blogs/index.html.erb:96
  Rendered blogs/index.html.erb within layouts/application (Duration: 21.7ms | Allocations: 16329)
[Webpacker] Everything's up-to-date. Nothing to do
Completed 200 OK in 27ms (Views: 25.2ms | ActiveRecord: 0.8ms | Allocations: 19805)


Started GET "/" for ::1 at 2022-04-04 15:19:06 +0100
  [1m[35m (0.4ms)[0m  [1m[34mSELECT "schema_migrations"."version" FROM "schema_migrations" ORDER BY "schema_migrations"."version" ASC[0m
Processing by BlogsController#index as HTML
  Rendering blogs/index.html.erb within layouts/application
  [1m[36mUser Load (0.3ms)[0m  [1m[34mSELECT "users".* FROM "users" WHERE "users"."id" = $1 LIMIT $2[0m  [["id", 4], ["LIMIT", 1]]
  ↳ app/helpers/sessions_helper.rb:3:in `current_user'
  [1m[36mBlog Load (0.6ms)[0m  [1m[34mSELECT "blogs".* FROM "blogs"[0m
  ↳ app/views/blogs/index.html.erb:90
  Rendered blogs/index.html.erb within layouts/application (Duration: 32.7ms | Allocations: 20113)
[Webpacker] Everything's up-to-date. Nothing to do
Completed 200 OK in 54ms (Views: 39.8ms | ActiveRecord: 3.4ms | Allocations: 29887)


Started GET "/sessions/new" for ::1 at 2022-04-04 15:19:37 +0100
Processing by SessionsController#new as HTML
  Rendering sessions/new.html.erb within layouts/application
  [1m[36mUser Load (0.3ms)[0m  [1m[34mSELECT "users".* FROM "users" WHERE "users"."id" = $1 LIMIT $2[0m  [["id", 4], ["LIMIT", 1]]
  ↳ app/helpers/sessions_helper.rb:3:in `current_user'
  Rendered sessions/new.html.erb within layouts/application (Duration: 6.8ms | Allocations: 4765)
[Webpacker] Everything's up-to-date. Nothing to do
Completed 200 OK in 13ms (Views: 11.9ms | ActiveRecord: 0.3ms | Allocations: 9267)


Started POST "/sessions" for ::1 at 2022-04-04 15:19:40 +0100
Processing by SessionsController#create as HTML
  Parameters: {"authenticity_token"=>"IzW2eEPP6oAQc4P6b4Ma5WhQfzin7IrMLwWtcnrQycXvyTTyxO7ssooR9qJFsJpkRGyrZtnTXwZ/HYESBD5XHw==", "session"=>{"email"=>"imorougrr@gmail.com", "password"=>"[FILTERED]"}, "commit"=>"connexion"}
  [1m[36mUser Load (0.8ms)[0m  [1m[34mSELECT "users".* FROM "users" WHERE "users"."email" = $1 LIMIT $2[0m  [["email", "imorougrr@gmail.com"], ["LIMIT", 1]]
  ↳ app/controllers/sessions_controller.rb:6:in `create'
  Rendering sessions/new.html.erb within layouts/application
  [1m[36mUser Load (0.3ms)[0m  [1m[34mSELECT "users".* FROM "users" WHERE "users"."id" = $1 LIMIT $2[0m  [["id", 4], ["LIMIT", 1]]
  ↳ app/helpers/sessions_helper.rb:3:in `current_user'
  Rendered sessions/new.html.erb within layouts/application (Duration: 3.3ms | Allocations: 2234)
[Webpacker] Everything's up-to-date. Nothing to do
Completed 200 OK in 29ms (Views: 24.9ms | ActiveRecord: 1.0ms | Allocations: 6805)


Started GET "/users/new" for ::1 at 2022-04-04 16:31:15 +0100
  [1m[35m (0.5ms)[0m  [1m[34mSELECT "schema_migrations"."version" FROM "schema_migrations" ORDER BY "schema_migrations"."version" ASC[0m
Processing by UsersController#new as HTML
  Rendering users/new.html.erb within layouts/application
  [1m[36mUser Load (0.4ms)[0m  [1m[34mSELECT "users".* FROM "users" WHERE "users"."id" = $1 LIMIT $2[0m  [["id", 4], ["LIMIT", 1]]
  ↳ app/helpers/sessions_helper.rb:3:in `current_user'
  Rendered users/new.html.erb within layouts/application (Duration: 20.3ms | Allocations: 11879)
[Webpacker] Everything's up-to-date. Nothing to do
Completed 200 OK in 47ms (Views: 27.9ms | ActiveRecord: 5.0ms | Allocations: 23182)


Started POST "/users" for ::1 at 2022-04-04 16:31:39 +0100
Processing by UsersController#create as HTML
  Parameters: {"authenticity_token"=>"6IJTn4wpFF74MSCA6UJsodYIP/SCK2xdgih1eCD69LqIIhTmpLNEXYZQ91Pq9T4RtJtEA9KANdnISw4wKg/oJQ==", "user"=>{"name"=>"Gado229l", "email"=>"imorougrr@gmail.com", "password"=>"[FILTERED]", "password_confirmation"=>"[FILTERED]"}, "commit"=>"Créer un compte"}
  [1m[35m (0.2ms)[0m  [1m[35mBEGIN[0m
  ↳ app/controllers/users_controller.rb:9:in `create'
  [1m[36mUser Create (0.5ms)[0m  [1m[32mINSERT INTO "users" ("name", "email", "password_digest", "created_at", "updated_at") VALUES ($1, $2, $3, $4, $5) RETURNING "id"[0m  [["name", "Gado229l"], ["email", "imorougrr@gmail.com"], ["password_digest", "$2a$12$4ccRv9P7sMg6PtKaHO0L5OpAabWenLQSO9Ibo0O7H5ZAktA0m1Sf6"], ["created_at", "2022-04-04 15:31:40.160335"], ["updated_at", "2022-04-04 15:31:40.160335"]]
  ↳ app/controllers/users_controller.rb:9:in `create'
  [1m[35m (19.1ms)[0m  [1m[35mCOMMIT[0m
  ↳ app/controllers/users_controller.rb:9:in `create'
Redirected to http://localhost:3000/users/1
Completed 302 Found in 277ms (ActiveRecord: 19.9ms | Allocations: 3970)


Started GET "/users/1" for ::1 at 2022-04-04 16:31:40 +0100
Processing by UsersController#show as HTML
  Parameters: {"id"=>"1"}
  [1m[36mUser Load (0.4ms)[0m  [1m[34mSELECT "users".* FROM "users" WHERE "users"."id" = $1 LIMIT $2[0m  [["id", 1], ["LIMIT", 1]]
  ↳ app/controllers/users_controller.rb:17:in `show'
  Rendering users/show.html.erb within layouts/application
  [1m[36mUser Load (0.3ms)[0m  [1m[34mSELECT "users".* FROM "users" WHERE "users"."id" = $1 LIMIT $2[0m  [["id", 4], ["LIMIT", 1]]
  ↳ app/helpers/sessions_helper.rb:3:in `current_user'
  Rendered users/show.html.erb within layouts/application (Duration: 5.2ms | Allocations: 3022)
[Webpacker] Everything's up-to-date. Nothing to do
Completed 200 OK in 14ms (Views: 9.2ms | ActiveRecord: 0.6ms | Allocations: 7477)


Started GET "/sessions/new" for ::1 at 2022-04-04 16:31:43 +0100
Processing by SessionsController#new as HTML
  Rendering sessions/new.html.erb within layouts/application
  [1m[36mUser Load (0.3ms)[0m  [1m[34mSELECT "users".* FROM "users" WHERE "users"."id" = $1 LIMIT $2[0m  [["id", 4], ["LIMIT", 1]]
  ↳ app/helpers/sessions_helper.rb:3:in `current_user'
  Rendered sessions/new.html.erb within layouts/application (Duration: 8.5ms | Allocations: 4162)
[Webpacker] Everything's up-to-date. Nothing to do
Completed 200 OK in 29ms (Views: 28.0ms | ActiveRecord: 0.3ms | Allocations: 8643)


Started POST "/sessions" for ::1 at 2022-04-04 16:31:45 +0100
Processing by SessionsController#create as HTML
  Parameters: {"authenticity_token"=>"11cIdi4RDHwvO2uCIkk2WVPh+cHbocpJyhMGDIP0E4Ubq4r8qTAKTrVZHtoIerbYf90tn6WeH4OaCyps/RqNXw==", "session"=>{"email"=>"imorougrr@gmail.com", "password"=>"[FILTERED]"}, "commit"=>"connexion"}
  [1m[36mUser Load (0.5ms)[0m  [1m[34mSELECT "users".* FROM "users" WHERE "users"."email" = $1 LIMIT $2[0m  [["email", "imorougrr@gmail.com"], ["LIMIT", 1]]
  ↳ app/controllers/sessions_controller.rb:6:in `create'
Redirected to http://localhost:3000/blogs
Completed 302 Found in 246ms (ActiveRecord: 0.5ms | Allocations: 1368)


Started GET "/blogs" for ::1 at 2022-04-04 16:31:46 +0100
Processing by BlogsController#index as HTML
  Rendering blogs/index.html.erb within layouts/application
  [1m[36mUser Load (0.4ms)[0m  [1m[34mSELECT "users".* FROM "users" WHERE "users"."id" = $1 LIMIT $2[0m  [["id", 1], ["LIMIT", 1]]
  ↳ app/helpers/sessions_helper.rb:3:in `current_user'
  [1m[36mBlog Load (0.5ms)[0m  [1m[34mSELECT "blogs".* FROM "blogs"[0m
  ↳ app/views/blogs/index.html.erb:90
  Rendered blogs/index.html.erb within layouts/application (Duration: 17.3ms | Allocations: 11007)
[Webpacker] Everything's up-to-date. Nothing to do
Completed 200 OK in 30ms (Views: 21.0ms | ActiveRecord: 2.2ms | Allocations: 18587)


Started GET "/blogs/new" for ::1 at 2022-04-04 16:31:49 +0100
Processing by BlogsController#new as HTML
  Rendering blogs/new.html.erb within layouts/application
  [1m[36mUser Load (0.3ms)[0m  [1m[34mSELECT "users".* FROM "users" WHERE "users"."id" = $1 LIMIT $2[0m  [["id", 1], ["LIMIT", 1]]
  ↳ app/helpers/sessions_helper.rb:3:in `current_user'
  Rendered blogs/_form.html.erb (Duration: 8.2ms | Allocations: 1304)
  Rendered blogs/new.html.erb within layouts/application (Duration: 16.7ms | Allocations: 4170)
[Webpacker] Everything's up-to-date. Nothing to do
Completed 200 OK in 39ms (Views: 21.9ms | ActiveRecord: 2.4ms | Allocations: 11002)


Started GET "/blogs" for ::1 at 2022-04-04 16:31:53 +0100
Processing by BlogsController#index as HTML
  Rendering blogs/index.html.erb within layouts/application
  [1m[36mUser Load (0.3ms)[0m  [1m[34mSELECT "users".* FROM "users" WHERE "users"."id" = $1 LIMIT $2[0m  [["id", 1], ["LIMIT", 1]]
  ↳ app/helpers/sessions_helper.rb:3:in `current_user'
  [1m[36mBlog Load (0.6ms)[0m  [1m[34mSELECT "blogs".* FROM "blogs"[0m
  ↳ app/views/blogs/index.html.erb:90
  Rendered blogs/index.html.erb within layouts/application (Duration: 18.8ms | Allocations: 9066)
[Webpacker] Everything's up-to-date. Nothing to do
Completed 200 OK in 27ms (Views: 24.7ms | ActiveRecord: 0.9ms | Allocations: 12581)


